mode: set
github.com/itential/igsdk/client.go:52.54,53.16 1 1
github.com/itential/igsdk/client.go:53.16,55.3 1 1
github.com/itential/igsdk/client.go:56.2,67.3 1 1
github.com/itential/igsdk/client.go:70.53,71.16 1 1
github.com/itential/igsdk/client.go:71.16,73.3 1 1
github.com/itential/igsdk/client.go:74.2,85.3 1 1
github.com/itential/igsdk/client.go:89.38,90.31 1 1
github.com/itential/igsdk/client.go:90.31,90.48 1 1
github.com/itential/igsdk/client.go:94.41,95.31 1 1
github.com/itential/igsdk/client.go:95.31,95.53 1 1
github.com/itential/igsdk/client.go:99.44,100.31 1 1
github.com/itential/igsdk/client.go:100.31,100.53 1 1
github.com/itential/igsdk/client.go:104.54,105.31 1 1
github.com/itential/igsdk/client.go:105.31,105.54 1 1
github.com/itential/igsdk/client.go:109.46,110.31 1 1
github.com/itential/igsdk/client.go:110.31,110.46 1 1
github.com/itential/igsdk/client.go:114.56,115.31 1 1
github.com/itential/igsdk/client.go:115.31,118.3 2 1
github.com/itential/igsdk/client.go:122.60,123.31 1 1
github.com/itential/igsdk/client.go:123.31,126.3 2 1
github.com/itential/igsdk/client.go:130.55,131.31 1 1
github.com/itential/igsdk/client.go:131.31,133.3 1 1
github.com/itential/igsdk/client.go:138.51,139.31 1 1
github.com/itential/igsdk/client.go:139.31,141.3 1 1
github.com/itential/igsdk/client.go:145.49,146.31 1 1
github.com/itential/igsdk/client.go:146.31,148.3 1 1
github.com/itential/igsdk/client.go:190.60,191.27 1 1
github.com/itential/igsdk/client.go:191.27,193.3 1 1
github.com/itential/igsdk/client.go:194.2,195.16 2 1
github.com/itential/igsdk/client.go:195.16,197.3 1 0
github.com/itential/igsdk/client.go:198.2,199.17 2 1
github.com/itential/igsdk/client.go:199.17,201.3 1 1
github.com/itential/igsdk/client.go:202.2,207.20 2 1
github.com/itential/igsdk/client.go:210.78,211.15 1 1
github.com/itential/igsdk/client.go:211.15,212.13 1 1
github.com/itential/igsdk/client.go:212.13,214.4 1 1
github.com/itential/igsdk/client.go:214.9,216.4 1 1
github.com/itential/igsdk/client.go:218.2,219.31 2 1
github.com/itential/igsdk/client.go:219.31,221.3 1 1
github.com/itential/igsdk/client.go:222.2,223.12 2 1
github.com/itential/igsdk/client.go:223.12,225.3 1 1
github.com/itential/igsdk/client.go:226.2,227.19 2 1
github.com/itential/igsdk/client.go:230.84,232.16 2 1
github.com/itential/igsdk/client.go:232.16,234.3 1 0
github.com/itential/igsdk/client.go:235.2,242.16 2 1
github.com/itential/igsdk/client.go:245.41,247.2 1 1
github.com/itential/igsdk/client.go:249.54,250.44 1 1
github.com/itential/igsdk/client.go:250.44,252.3 1 1
github.com/itential/igsdk/client.go:253.2,253.42 1 1
github.com/itential/igsdk/client.go:256.60,261.31 3 1
github.com/itential/igsdk/client.go:261.31,264.3 2 1
github.com/itential/igsdk/client.go:266.2,266.21 1 1
github.com/itential/igsdk/client.go:266.21,268.3 1 1
github.com/itential/igsdk/client.go:271.2,272.16 2 1
github.com/itential/igsdk/client.go:273.20,274.36 1 1
github.com/itential/igsdk/client.go:275.19,276.35 1 1
github.com/itential/igsdk/client.go:277.10,278.42 1 1
github.com/itential/igsdk/client.go:281.2,281.16 1 1
github.com/itential/igsdk/client.go:281.16,283.3 1 1
github.com/itential/igsdk/client.go:285.2,287.12 3 1
github.com/itential/igsdk/client.go:290.79,291.79 1 1
github.com/itential/igsdk/client.go:291.79,293.17 2 1
github.com/itential/igsdk/client.go:293.17,295.4 1 0
github.com/itential/igsdk/client.go:296.3,296.22 1 1
github.com/itential/igsdk/client.go:296.22,298.36 2 1
github.com/itential/igsdk/client.go:298.36,299.32 1 1
github.com/itential/igsdk/client.go:299.32,301.6 1 1
github.com/itential/igsdk/client.go:303.4,303.27 1 1
github.com/itential/igsdk/client.go:305.3,305.25 1 1
github.com/itential/igsdk/client.go:308.2,309.16 2 1
github.com/itential/igsdk/client.go:309.16,311.3 1 1
github.com/itential/igsdk/client.go:313.2,314.22 2 1
github.com/itential/igsdk/client.go:314.22,316.3 1 1
github.com/itential/igsdk/client.go:318.2,319.16 2 1
github.com/itential/igsdk/client.go:319.16,321.3 1 0
github.com/itential/igsdk/client.go:323.2,324.21 2 1
github.com/itential/igsdk/client.go:324.21,326.35 2 1
github.com/itential/igsdk/client.go:326.35,327.31 1 1
github.com/itential/igsdk/client.go:327.31,329.5 1 1
github.com/itential/igsdk/client.go:331.3,331.29 1 1
github.com/itential/igsdk/client.go:333.2,333.27 1 1
github.com/itential/igsdk/client.go:336.127,337.16 1 1
github.com/itential/igsdk/client.go:337.16,339.3 1 1
github.com/itential/igsdk/client.go:341.2,341.42 1 1
github.com/itential/igsdk/client.go:341.42,343.3 1 1
github.com/itential/igsdk/client.go:345.2,346.16 2 1
github.com/itential/igsdk/client.go:346.16,348.3 1 0
github.com/itential/igsdk/client.go:350.2,351.20 2 1
github.com/itential/igsdk/client.go:351.20,353.17 2 1
github.com/itential/igsdk/client.go:353.17,355.4 1 1
github.com/itential/igsdk/client.go:356.3,356.29 1 1
github.com/itential/igsdk/client.go:359.2,360.16 2 1
github.com/itential/igsdk/client.go:360.16,362.3 1 0
github.com/itential/igsdk/client.go:364.2,365.20 2 1
github.com/itential/igsdk/client.go:365.20,368.3 2 1
github.com/itential/igsdk/client.go:369.2,369.19 1 1
github.com/itential/igsdk/client.go:369.19,371.3 1 1
github.com/itential/igsdk/client.go:373.2,374.16 2 1
github.com/itential/igsdk/client.go:374.16,376.3 1 0
github.com/itential/igsdk/client.go:377.2,380.16 3 1
github.com/itential/igsdk/client.go:380.16,382.3 1 0
github.com/itential/igsdk/client.go:384.2,385.16 2 1
github.com/itential/igsdk/client.go:385.16,387.3 1 0
github.com/itential/igsdk/client.go:389.2,389.42 1 1
github.com/itential/igsdk/client.go:389.42,391.3 1 1
github.com/itential/igsdk/client.go:393.2,393.17 1 1
github.com/itential/igsdk/client.go:396.70,397.60 1 1
github.com/itential/igsdk/client.go:397.60,398.61 1 1
github.com/itential/igsdk/client.go:398.61,400.4 1 1
github.com/itential/igsdk/client.go:402.3,409.17 7 1
github.com/itential/igsdk/client.go:409.17,411.4 1 0
github.com/itential/igsdk/client.go:413.3,417.17 4 1
github.com/itential/igsdk/client.go:417.17,419.4 1 0
github.com/itential/igsdk/client.go:420.3,423.17 3 1
github.com/itential/igsdk/client.go:423.17,425.4 1 0
github.com/itential/igsdk/client.go:427.3,428.17 2 1
github.com/itential/igsdk/client.go:428.17,430.4 1 0
github.com/itential/igsdk/client.go:432.3,432.43 1 1
github.com/itential/igsdk/client.go:432.43,434.4 1 1
github.com/itential/igsdk/client.go:436.3,437.46 2 1
github.com/itential/igsdk/client.go:437.46,438.57 1 1
github.com/itential/igsdk/client.go:438.57,440.5 1 1
github.com/itential/igsdk/client.go:443.3,443.13 1 1
github.com/itential/igsdk/client.go:446.2,446.52 1 1
github.com/itential/igsdk/client.go:446.52,448.3 1 0
github.com/itential/igsdk/client.go:450.2,452.12 3 1
github.com/itential/igsdk/client.go:455.69,456.52 1 1
github.com/itential/igsdk/client.go:456.52,458.3 1 1
github.com/itential/igsdk/client.go:459.2,461.12 3 1
github.com/itential/igsdk/client.go:464.101,466.16 2 1
github.com/itential/igsdk/client.go:466.16,468.3 1 1
github.com/itential/igsdk/client.go:470.2,471.16 2 1
github.com/itential/igsdk/client.go:471.16,473.3 1 1
github.com/itential/igsdk/client.go:475.2,476.16 2 1
github.com/itential/igsdk/client.go:476.16,478.3 1 0
github.com/itential/igsdk/client.go:480.2,485.16 5 1
github.com/itential/igsdk/client.go:485.16,487.3 1 1
github.com/itential/igsdk/client.go:488.2,491.16 3 1
github.com/itential/igsdk/client.go:491.16,493.3 1 0
github.com/itential/igsdk/client.go:495.2,496.16 2 1
github.com/itential/igsdk/client.go:496.16,498.3 1 0
github.com/itential/igsdk/client.go:500.2,500.42 1 1
github.com/itential/igsdk/client.go:500.42,502.3 1 1
github.com/itential/igsdk/client.go:504.2,504.17 1 1
github.com/itential/igsdk/client.go:519.102,521.2 1 1
github.com/itential/igsdk/client.go:531.105,533.2 1 1
github.com/itential/igsdk/client.go:544.116,546.2 1 1
github.com/itential/igsdk/client.go:557.115,559.2 1 1
github.com/itential/igsdk/client.go:570.117,572.2 1 1
github.com/itential/igsdk/client.go:580.43,582.2 1 1
github.com/itential/igsdk/client.go:593.101,595.2 1 1
github.com/itential/igsdk/client.go:604.104,606.2 1 1
github.com/itential/igsdk/client.go:617.115,619.2 1 1
github.com/itential/igsdk/client.go:624.114,626.2 1 1
github.com/itential/igsdk/client.go:631.116,633.2 1 1
github.com/itential/igsdk/client.go:638.42,640.2 1 1
github.com/itential/igsdk/errors.go:43.42,44.14 1 1
github.com/itential/igsdk/errors.go:44.14,46.3 1 1
github.com/itential/igsdk/errors.go:47.2,47.20 1 1
github.com/itential/igsdk/errors.go:47.20,49.3 1 1
github.com/itential/igsdk/errors.go:50.2,50.77 1 1
github.com/itential/igsdk/gateway.go:29.82,31.27 2 1
github.com/itential/igsdk/gateway.go:31.27,33.3 1 1
github.com/itential/igsdk/gateway.go:34.2,34.50 1 1
github.com/itential/igsdk/gateway.go:34.50,36.3 1 1
github.com/itential/igsdk/gateway.go:37.2,38.16 2 1
github.com/itential/igsdk/gateway.go:38.16,40.3 1 0
github.com/itential/igsdk/gateway.go:41.2,41.42 1 1
github.com/itential/igsdk/heuristics.go:49.28,60.38 3 1
github.com/itential/igsdk/heuristics.go:60.38,62.3 1 1
github.com/itential/igsdk/heuristics.go:63.2,63.10 1 1
github.com/itential/igsdk/heuristics.go:66.35,68.2 1 1
github.com/itential/igsdk/heuristics.go:71.58,73.16 2 1
github.com/itential/igsdk/heuristics.go:73.16,75.3 1 1
github.com/itential/igsdk/heuristics.go:76.2,79.12 4 1
github.com/itential/igsdk/heuristics.go:83.51,86.36 3 1
github.com/itential/igsdk/heuristics.go:86.36,88.3 1 1
github.com/itential/igsdk/heuristics.go:89.2,90.13 2 1
github.com/itential/igsdk/heuristics.go:94.43,98.28 4 1
github.com/itential/igsdk/heuristics.go:98.28,100.3 1 1
github.com/itential/igsdk/heuristics.go:101.2,102.12 2 1
github.com/itential/igsdk/heuristics.go:106.53,107.16 1 1
github.com/itential/igsdk/heuristics.go:107.16,109.3 1 1
github.com/itential/igsdk/heuristics.go:110.2,113.40 4 1
github.com/itential/igsdk/heuristics.go:113.40,116.3 2 1
github.com/itential/igsdk/heuristics.go:117.2,117.12 1 1
github.com/itential/igsdk/heuristics.go:121.54,122.16 1 1
github.com/itential/igsdk/heuristics.go:122.16,124.3 1 1
github.com/itential/igsdk/heuristics.go:125.2,127.37 3 1
github.com/itential/igsdk/heuristics.go:127.37,128.32 1 1
github.com/itential/igsdk/heuristics.go:128.32,130.4 1 1
github.com/itential/igsdk/heuristics.go:132.2,132.14 1 1
github.com/itential/igsdk/http_types.go:32.70,33.16 1 1
github.com/itential/igsdk/http_types.go:33.16,35.3 1 1
github.com/itential/igsdk/http_types.go:36.2,36.45 1 1
github.com/itential/igsdk/http_types.go:40.37,41.30 1 1
github.com/itential/igsdk/http_types.go:41.30,43.3 1 1
github.com/itential/igsdk/http_types.go:44.2,44.25 1 1
github.com/itential/igsdk/http_types.go:48.42,49.30 1 1
github.com/itential/igsdk/http_types.go:49.30,51.3 1 1
github.com/itential/igsdk/http_types.go:52.2,52.21 1 1
github.com/itential/igsdk/http_types.go:56.34,57.14 1 1
github.com/itential/igsdk/http_types.go:57.14,59.3 1 1
github.com/itential/igsdk/http_types.go:60.2,60.23 1 1
github.com/itential/igsdk/http_types.go:85.38,86.34 1 1
github.com/itential/igsdk/http_types.go:86.34,88.3 1 1
github.com/itential/igsdk/http_types.go:89.2,89.50 1 1
github.com/itential/igsdk/http_types.go:89.50,91.3 1 1
github.com/itential/igsdk/http_types.go:92.2,92.12 1 1
github.com/itential/igsdk/http_types.go:96.37,99.2 2 1
github.com/itential/igsdk/http_types.go:102.35,104.2 1 1
github.com/itential/igsdk/http_types.go:113.40,114.18 1 1
github.com/itential/igsdk/http_types.go:114.18,116.3 1 1
github.com/itential/igsdk/http_types.go:117.2,118.18 2 1
github.com/itential/igsdk/http_types.go:118.18,120.3 1 1
github.com/itential/igsdk/http_types.go:121.2,121.82 1 1
github.com/itential/igsdk/http_types.go:125.36,126.82 1 1
github.com/itential/igsdk/http_types.go:126.82,128.3 1 1
github.com/itential/igsdk/http_types.go:129.2,129.102 1 1
github.com/itential/igsdk/http_types.go:133.47,135.2 1 1
github.com/itential/igsdk/logging.go:26.50,27.31 1 1
github.com/itential/igsdk/logging.go:27.31,29.3 1 1
github.com/itential/igsdk/logging.go:33.46,34.31 1 1
github.com/itential/igsdk/logging.go:34.31,36.3 1 1
github.com/itential/igsdk/logging.go:40.64,41.31 1 1
github.com/itential/igsdk/logging.go:41.31,44.3 2 1
github.com/itential/igsdk/logging.go:48.47,49.31 1 1
github.com/itential/igsdk/logging.go:49.31,51.3 1 1
github.com/itential/igsdk/logging.go:55.84,56.31 1 1
github.com/itential/igsdk/logging.go:56.31,58.3 1 1
github.com/itential/igsdk/logging.go:63.51,67.27 2 1
github.com/itential/igsdk/logging.go:67.27,69.3 1 1
github.com/itential/igsdk/logging.go:71.2,78.23 3 1
github.com/itential/igsdk/logging.go:78.23,80.3 1 1
github.com/itential/igsdk/logging.go:80.8,82.3 1 0
github.com/itential/igsdk/logging.go:84.2,84.26 1 1
github.com/itential/igsdk/logging.go:88.55,92.27 2 1
github.com/itential/igsdk/logging.go:92.27,94.3 1 1
github.com/itential/igsdk/logging.go:96.2,103.23 3 1
github.com/itential/igsdk/logging.go:103.23,105.3 1 1
github.com/itential/igsdk/logging.go:105.8,107.3 1 0
github.com/itential/igsdk/logging.go:109.2,109.26 1 1
github.com/itential/igsdk/logging.go:114.87,115.54 1 1
github.com/itential/igsdk/logging.go:115.54,117.85 1 1
github.com/itential/igsdk/logging.go:117.85,119.46 2 1
github.com/itential/igsdk/logging.go:119.46,122.5 2 1
github.com/itential/igsdk/logging.go:126.3,126.29 1 1
github.com/itential/igsdk/logging.go:126.29,128.4 1 1
github.com/itential/igsdk/logging.go:130.3,130.11 1 1
github.com/itential/igsdk/logging.go:136.38,138.2 1 1
github.com/itential/igsdk/logging.go:145.70,146.25 1 1
github.com/itential/igsdk/logging.go:146.25,149.3 1 1
github.com/itential/igsdk/logging.go:151.2,151.39 1 1
github.com/itential/igsdk/logging.go:151.39,153.10 2 1
github.com/itential/igsdk/logging.go:153.10,154.12 1 1
github.com/itential/igsdk/logging.go:156.3,156.50 1 1
github.com/itential/igsdk/logging.go:159.2,159.12 1 1
github.com/itential/igsdk/metadata.go:50.21,57.2 1 1
github.com/itential/igsdk/metadata.go:62.32,64.2 1 1
github.com/itential/igsdk/metadata.go:68.37,69.21 1 1
github.com/itential/igsdk/metadata.go:69.21,71.3 1 1
github.com/itential/igsdk/metadata.go:72.2,72.18 1 1
github.com/itential/igsdk/metadata.go:78.36,79.19 1 1
github.com/itential/igsdk/metadata.go:79.19,81.3 1 1
github.com/itential/igsdk/metadata.go:82.2,82.55 1 1
github.com/itential/igsdk/metadata.go:87.31,89.2 1 1
github.com/itential/igsdk/platform.go:27.84,29.27 2 1
github.com/itential/igsdk/platform.go:29.27,31.3 1 1
github.com/itential/igsdk/platform.go:32.2,33.16 2 1
github.com/itential/igsdk/platform.go:33.16,35.3 1 0
github.com/itential/igsdk/platform.go:36.2,36.43 1 1
github.com/itential/igsdk/examples/platform_client.go:16.13,20.16 2 0
github.com/itential/igsdk/examples/platform_client.go:20.16,22.3 1 0
github.com/itential/igsdk/examples/platform_client.go:24.2,25.16 2 0
github.com/itential/igsdk/examples/platform_client.go:25.16,27.3 1 0
github.com/itential/igsdk/examples/platform_client.go:29.2,30.41 2 0
github.com/itential/igsdk/examples/platform_client.go:30.41,32.3 1 0
github.com/itential/igsdk/examples/platform_client.go:34.2,35.16 2 0
github.com/itential/igsdk/examples/platform_client.go:35.16,37.3 1 0
github.com/itential/igsdk/examples/platform_client.go:39.2,39.29 1 0
