mode: set
github.com/itential/igsdk/client.go:53.54,54.16 1 1
github.com/itential/igsdk/client.go:54.16,56.3 1 1
github.com/itential/igsdk/client.go:57.2,68.3 1 1
github.com/itential/igsdk/client.go:71.53,72.16 1 1
github.com/itential/igsdk/client.go:72.16,74.3 1 1
github.com/itential/igsdk/client.go:75.2,86.3 1 1
github.com/itential/igsdk/client.go:90.38,91.31 1 1
github.com/itential/igsdk/client.go:91.31,91.48 1 1
github.com/itential/igsdk/client.go:95.41,96.31 1 1
github.com/itential/igsdk/client.go:96.31,96.53 1 1
github.com/itential/igsdk/client.go:100.44,101.31 1 1
github.com/itential/igsdk/client.go:101.31,101.53 1 1
github.com/itential/igsdk/client.go:105.54,106.31 1 1
github.com/itential/igsdk/client.go:106.31,106.54 1 1
github.com/itential/igsdk/client.go:110.46,111.31 1 1
github.com/itential/igsdk/client.go:111.31,111.46 1 1
github.com/itential/igsdk/client.go:115.56,116.31 1 1
github.com/itential/igsdk/client.go:116.31,119.3 2 1
github.com/itential/igsdk/client.go:123.60,124.31 1 1
github.com/itential/igsdk/client.go:124.31,127.3 2 1
github.com/itential/igsdk/client.go:131.55,132.31 1 1
github.com/itential/igsdk/client.go:132.31,134.3 1 1
github.com/itential/igsdk/client.go:139.51,140.31 1 1
github.com/itential/igsdk/client.go:140.31,142.3 1 1
github.com/itential/igsdk/client.go:146.49,147.31 1 1
github.com/itential/igsdk/client.go:147.31,149.3 1 1
github.com/itential/igsdk/client.go:166.50,167.33 1 1
github.com/itential/igsdk/client.go:167.33,168.24 1 1
github.com/itential/igsdk/client.go:168.24,170.4 1 1
github.com/itential/igsdk/client.go:171.3,171.29 1 1
github.com/itential/igsdk/client.go:214.60,215.27 1 1
github.com/itential/igsdk/client.go:215.27,217.3 1 1
github.com/itential/igsdk/client.go:218.2,219.16 2 1
github.com/itential/igsdk/client.go:219.16,221.3 1 0
github.com/itential/igsdk/client.go:222.2,223.17 2 1
github.com/itential/igsdk/client.go:223.17,225.3 1 1
github.com/itential/igsdk/client.go:226.2,230.8 1 1
github.com/itential/igsdk/client.go:233.78,234.15 1 1
github.com/itential/igsdk/client.go:234.15,235.13 1 1
github.com/itential/igsdk/client.go:235.13,237.4 1 1
github.com/itential/igsdk/client.go:237.9,239.4 1 1
github.com/itential/igsdk/client.go:241.2,243.20 3 1
github.com/itential/igsdk/client.go:243.20,245.3 1 1
github.com/itential/igsdk/client.go:246.2,247.12 2 1
github.com/itential/igsdk/client.go:247.12,249.3 1 1
github.com/itential/igsdk/client.go:250.2,251.19 2 1
github.com/itential/igsdk/client.go:254.84,256.16 2 1
github.com/itential/igsdk/client.go:256.16,258.3 1 0
github.com/itential/igsdk/client.go:259.2,265.8 1 1
github.com/itential/igsdk/client.go:268.41,270.2 1 1
github.com/itential/igsdk/client.go:272.54,273.44 1 1
github.com/itential/igsdk/client.go:273.44,275.3 1 1
github.com/itential/igsdk/client.go:276.2,276.42 1 1
github.com/itential/igsdk/client.go:282.70,286.31 3 1
github.com/itential/igsdk/client.go:286.31,289.3 2 1
github.com/itential/igsdk/client.go:291.2,291.21 1 1
github.com/itential/igsdk/client.go:291.21,293.3 1 1
github.com/itential/igsdk/client.go:295.2,296.16 2 1
github.com/itential/igsdk/client.go:297.20,298.36 1 1
github.com/itential/igsdk/client.go:299.19,300.35 1 1
github.com/itential/igsdk/client.go:301.10,302.42 1 1
github.com/itential/igsdk/client.go:305.2,305.16 1 1
github.com/itential/igsdk/client.go:305.16,307.3 1 1
github.com/itential/igsdk/client.go:309.2,311.21 3 1
github.com/itential/igsdk/client.go:314.79,315.79 1 1
github.com/itential/igsdk/client.go:315.79,317.17 2 1
github.com/itential/igsdk/client.go:317.17,319.4 1 0
github.com/itential/igsdk/client.go:320.3,320.22 1 1
github.com/itential/igsdk/client.go:320.22,322.36 2 1
github.com/itential/igsdk/client.go:322.36,323.32 1 1
github.com/itential/igsdk/client.go:323.32,325.6 1 1
github.com/itential/igsdk/client.go:327.4,327.27 1 1
github.com/itential/igsdk/client.go:329.3,329.25 1 1
github.com/itential/igsdk/client.go:332.2,333.16 2 1
github.com/itential/igsdk/client.go:333.16,335.3 1 1
github.com/itential/igsdk/client.go:337.2,338.22 2 1
github.com/itential/igsdk/client.go:338.22,340.3 1 1
github.com/itential/igsdk/client.go:342.2,343.16 2 1
github.com/itential/igsdk/client.go:343.16,345.3 1 0
github.com/itential/igsdk/client.go:347.2,348.21 2 1
github.com/itential/igsdk/client.go:348.21,350.35 2 1
github.com/itential/igsdk/client.go:350.35,351.31 1 1
github.com/itential/igsdk/client.go:351.31,353.5 1 1
github.com/itential/igsdk/client.go:355.3,355.29 1 1
github.com/itential/igsdk/client.go:357.2,357.27 1 1
github.com/itential/igsdk/client.go:361.54,362.17 1 1
github.com/itential/igsdk/client.go:362.17,364.3 1 0
github.com/itential/igsdk/client.go:365.2,366.25 2 1
github.com/itential/igsdk/client.go:366.25,367.26 1 1
github.com/itential/igsdk/client.go:367.26,368.20 1 1
github.com/itential/igsdk/client.go:368.20,370.5 1 1
github.com/itential/igsdk/client.go:371.4,373.38 3 1
github.com/itential/igsdk/client.go:376.2,376.20 1 1
github.com/itential/igsdk/client.go:379.150,380.16 1 1
github.com/itential/igsdk/client.go:380.16,382.3 1 1
github.com/itential/igsdk/client.go:384.2,385.16 2 1
github.com/itential/igsdk/client.go:385.16,387.3 1 1
github.com/itential/igsdk/client.go:389.2,390.16 2 1
github.com/itential/igsdk/client.go:390.16,392.3 1 0
github.com/itential/igsdk/client.go:394.2,395.20 2 1
github.com/itential/igsdk/client.go:395.20,397.17 2 1
github.com/itential/igsdk/client.go:397.17,399.4 1 1
github.com/itential/igsdk/client.go:402.2,403.22 2 1
github.com/itential/igsdk/client.go:403.22,405.3 1 1
github.com/itential/igsdk/client.go:407.2,408.16 2 1
github.com/itential/igsdk/client.go:408.16,410.3 1 0
github.com/itential/igsdk/client.go:412.2,414.22 3 1
github.com/itential/igsdk/client.go:414.22,416.3 1 1
github.com/itential/igsdk/client.go:419.2,420.27 2 1
github.com/itential/igsdk/client.go:420.27,422.3 1 1
github.com/itential/igsdk/client.go:423.2,423.34 1 1
github.com/itential/igsdk/client.go:423.34,425.3 1 1
github.com/itential/igsdk/client.go:427.2,427.17 1 1
github.com/itential/igsdk/client.go:427.17,429.3 1 1
github.com/itential/igsdk/client.go:431.2,448.16 8 1
github.com/itential/igsdk/client.go:448.16,458.3 2 0
github.com/itential/igsdk/client.go:459.2,462.16 3 1
github.com/itential/igsdk/client.go:462.16,464.3 1 0
github.com/itential/igsdk/client.go:466.2,467.16 2 1
github.com/itential/igsdk/client.go:467.16,469.3 1 0
github.com/itential/igsdk/client.go:471.2,482.17 2 1
github.com/itential/igsdk/client.go:487.59,488.26 1 1
github.com/itential/igsdk/client.go:488.26,490.3 1 1
github.com/itential/igsdk/client.go:491.2,494.15 4 1
github.com/itential/igsdk/client.go:497.70,498.29 1 1
github.com/itential/igsdk/client.go:498.29,507.17 7 1
github.com/itential/igsdk/client.go:507.17,509.4 1 0
github.com/itential/igsdk/client.go:511.3,515.17 4 1
github.com/itential/igsdk/client.go:515.17,517.4 1 0
github.com/itential/igsdk/client.go:518.3,521.17 3 1
github.com/itential/igsdk/client.go:521.17,523.4 1 0
github.com/itential/igsdk/client.go:525.3,526.17 2 1
github.com/itential/igsdk/client.go:526.17,528.4 1 0
github.com/itential/igsdk/client.go:530.3,530.43 1 1
github.com/itential/igsdk/client.go:530.43,532.4 1 1
github.com/itential/igsdk/client.go:534.3,535.46 2 1
github.com/itential/igsdk/client.go:535.46,536.57 1 1
github.com/itential/igsdk/client.go:536.57,538.5 1 1
github.com/itential/igsdk/client.go:541.3,541.13 1 1
github.com/itential/igsdk/client.go:545.2,547.12 3 1
github.com/itential/igsdk/client.go:550.69,554.2 3 1
github.com/itential/igsdk/client.go:556.101,558.16 2 1
github.com/itential/igsdk/client.go:558.16,560.3 1 1
github.com/itential/igsdk/client.go:562.2,563.16 2 1
github.com/itential/igsdk/client.go:563.16,565.3 1 1
github.com/itential/igsdk/client.go:567.2,568.16 2 1
github.com/itential/igsdk/client.go:568.16,570.3 1 0
github.com/itential/igsdk/client.go:572.2,577.16 5 1
github.com/itential/igsdk/client.go:577.16,579.3 1 1
github.com/itential/igsdk/client.go:580.2,583.16 3 1
github.com/itential/igsdk/client.go:583.16,585.3 1 0
github.com/itential/igsdk/client.go:587.2,588.16 2 1
github.com/itential/igsdk/client.go:588.16,590.3 1 0
github.com/itential/igsdk/client.go:592.2,592.42 1 1
github.com/itential/igsdk/client.go:592.42,594.3 1 1
github.com/itential/igsdk/client.go:596.2,596.17 1 1
github.com/itential/igsdk/client.go:600.44,602.2 1 1
github.com/itential/igsdk/client.go:616.125,618.2 1 1
github.com/itential/igsdk/client.go:628.128,630.2 1 1
github.com/itential/igsdk/client.go:641.139,643.2 1 1
github.com/itential/igsdk/client.go:654.138,656.2 1 1
github.com/itential/igsdk/client.go:667.140,669.2 1 1
github.com/itential/igsdk/client.go:677.43,679.2 1 1
github.com/itential/igsdk/client.go:690.124,692.2 1 1
github.com/itential/igsdk/client.go:701.127,703.2 1 1
github.com/itential/igsdk/client.go:714.138,716.2 1 1
github.com/itential/igsdk/client.go:721.137,723.2 1 1
github.com/itential/igsdk/client.go:728.139,730.2 1 1
github.com/itential/igsdk/client.go:735.42,737.2 1 1
github.com/itential/igsdk/errors.go:43.42,44.14 1 1
github.com/itential/igsdk/errors.go:44.14,46.3 1 1
github.com/itential/igsdk/errors.go:47.2,47.20 1 1
github.com/itential/igsdk/errors.go:47.20,49.3 1 1
github.com/itential/igsdk/errors.go:50.2,50.77 1 1
github.com/itential/igsdk/gateway.go:30.82,32.27 2 1
github.com/itential/igsdk/gateway.go:32.27,34.3 1 1
github.com/itential/igsdk/gateway.go:35.2,35.51 1 1
github.com/itential/igsdk/gateway.go:35.51,37.3 1 1
github.com/itential/igsdk/gateway.go:38.2,39.16 2 1
github.com/itential/igsdk/gateway.go:39.16,41.3 1 0
github.com/itential/igsdk/gateway.go:42.2,42.42 1 1
github.com/itential/igsdk/gateway.go:45.52,46.50 1 1
github.com/itential/igsdk/gateway.go:46.50,48.3 1 1
github.com/itential/igsdk/gateway.go:49.2,49.42 1 1
github.com/itential/igsdk/gateway.go:49.42,51.3 1 1
github.com/itential/igsdk/gateway.go:52.2,52.12 1 1
github.com/itential/igsdk/heuristics.go:49.28,60.38 3 1
github.com/itential/igsdk/heuristics.go:60.38,62.3 1 1
github.com/itential/igsdk/heuristics.go:63.2,63.10 1 1
github.com/itential/igsdk/heuristics.go:67.58,69.16 2 1
github.com/itential/igsdk/heuristics.go:69.16,71.3 1 1
github.com/itential/igsdk/heuristics.go:72.2,75.12 4 1
github.com/itential/igsdk/heuristics.go:79.51,82.36 3 1
github.com/itential/igsdk/heuristics.go:82.36,84.3 1 1
github.com/itential/igsdk/heuristics.go:85.2,86.13 2 1
github.com/itential/igsdk/heuristics.go:90.43,94.28 4 1
github.com/itential/igsdk/heuristics.go:94.28,96.3 1 1
github.com/itential/igsdk/heuristics.go:97.2,98.12 2 1
github.com/itential/igsdk/heuristics.go:102.53,103.16 1 1
github.com/itential/igsdk/heuristics.go:103.16,105.3 1 1
github.com/itential/igsdk/heuristics.go:106.2,109.40 4 1
github.com/itential/igsdk/heuristics.go:109.40,112.3 2 1
github.com/itential/igsdk/heuristics.go:113.2,113.12 1 1
github.com/itential/igsdk/heuristics.go:117.54,118.16 1 1
github.com/itential/igsdk/heuristics.go:118.16,120.3 1 1
github.com/itential/igsdk/heuristics.go:121.2,123.37 3 1
github.com/itential/igsdk/heuristics.go:123.37,124.32 1 1
github.com/itential/igsdk/heuristics.go:124.32,126.4 1 1
github.com/itential/igsdk/heuristics.go:128.2,128.14 1 1
github.com/itential/igsdk/httptypes.go:31.70,32.16 1 1
github.com/itential/igsdk/httptypes.go:32.16,34.3 1 1
github.com/itential/igsdk/httptypes.go:35.2,35.45 1 1
github.com/itential/igsdk/httptypes.go:39.37,40.30 1 1
github.com/itential/igsdk/httptypes.go:40.30,42.3 1 1
github.com/itential/igsdk/httptypes.go:43.2,43.25 1 1
github.com/itential/igsdk/httptypes.go:47.42,48.30 1 1
github.com/itential/igsdk/httptypes.go:48.30,50.3 1 1
github.com/itential/igsdk/httptypes.go:51.2,51.21 1 1
github.com/itential/igsdk/httptypes.go:55.34,56.14 1 1
github.com/itential/igsdk/httptypes.go:56.14,58.3 1 1
github.com/itential/igsdk/httptypes.go:59.2,59.23 1 1
github.com/itential/igsdk/httptypes.go:84.38,85.34 1 1
github.com/itential/igsdk/httptypes.go:85.34,87.3 1 1
github.com/itential/igsdk/httptypes.go:88.2,88.50 1 1
github.com/itential/igsdk/httptypes.go:88.50,90.3 1 1
github.com/itential/igsdk/httptypes.go:91.2,91.12 1 1
github.com/itential/igsdk/httptypes.go:95.37,98.2 2 1
github.com/itential/igsdk/httptypes.go:101.35,103.2 1 1
github.com/itential/igsdk/httptypes.go:112.40,113.18 1 1
github.com/itential/igsdk/httptypes.go:113.18,115.3 1 1
github.com/itential/igsdk/httptypes.go:116.2,117.18 2 1
github.com/itential/igsdk/httptypes.go:117.18,119.3 1 1
github.com/itential/igsdk/httptypes.go:120.2,120.82 1 1
github.com/itential/igsdk/httptypes.go:124.36,125.82 1 1
github.com/itential/igsdk/httptypes.go:125.82,127.3 1 1
github.com/itential/igsdk/httptypes.go:128.2,128.102 1 1
github.com/itential/igsdk/logging.go:33.50,34.31 1 1
github.com/itential/igsdk/logging.go:34.31,36.3 1 1
github.com/itential/igsdk/logging.go:40.46,41.31 1 1
github.com/itential/igsdk/logging.go:41.31,43.3 1 1
github.com/itential/igsdk/logging.go:47.64,48.31 1 1
github.com/itential/igsdk/logging.go:48.31,51.3 2 1
github.com/itential/igsdk/logging.go:55.47,56.31 1 1
github.com/itential/igsdk/logging.go:56.31,58.3 1 1
github.com/itential/igsdk/logging.go:62.84,63.31 1 1
github.com/itential/igsdk/logging.go:63.31,65.3 1 1
github.com/itential/igsdk/logging.go:71.51,76.27 2 1
github.com/itential/igsdk/logging.go:76.27,78.3 1 1
github.com/itential/igsdk/logging.go:80.2,86.63 2 1
github.com/itential/igsdk/logging.go:91.55,96.27 2 1
github.com/itential/igsdk/logging.go:96.27,98.3 1 1
github.com/itential/igsdk/logging.go:100.2,106.63 2 1
github.com/itential/igsdk/logging.go:111.87,112.54 1 1
github.com/itential/igsdk/logging.go:112.54,113.85 1 1
github.com/itential/igsdk/logging.go:113.85,115.46 2 1
github.com/itential/igsdk/logging.go:115.46,117.5 1 1
github.com/itential/igsdk/logging.go:119.3,119.29 1 1
github.com/itential/igsdk/logging.go:119.29,121.4 1 1
github.com/itential/igsdk/logging.go:122.3,122.11 1 1
github.com/itential/igsdk/logging.go:128.38,130.2 1 1
github.com/itential/igsdk/logging.go:144.70,145.25 1 1
github.com/itential/igsdk/logging.go:145.25,147.3 1 1
github.com/itential/igsdk/logging.go:148.2,152.50 5 1
github.com/itential/igsdk/logging.go:156.53,159.2 2 1
github.com/itential/igsdk/metadata.go:50.21,57.2 1 1
github.com/itential/igsdk/metadata.go:62.32,64.2 1 1
github.com/itential/igsdk/metadata.go:68.37,69.21 1 1
github.com/itential/igsdk/metadata.go:69.21,71.3 1 1
github.com/itential/igsdk/metadata.go:72.2,72.18 1 1
github.com/itential/igsdk/metadata.go:78.36,79.19 1 1
github.com/itential/igsdk/metadata.go:79.19,81.3 1 1
github.com/itential/igsdk/metadata.go:82.2,82.55 1 1
github.com/itential/igsdk/metadata.go:87.31,89.2 1 1
github.com/itential/igsdk/platform.go:31.84,33.27 2 1
github.com/itential/igsdk/platform.go:33.27,35.3 1 1
github.com/itential/igsdk/platform.go:36.2,36.52 1 1
github.com/itential/igsdk/platform.go:36.52,38.3 1 1
github.com/itential/igsdk/platform.go:39.2,40.16 2 1
github.com/itential/igsdk/platform.go:40.16,42.3 1 0
github.com/itential/igsdk/platform.go:43.2,43.43 1 1
github.com/itential/igsdk/platform.go:46.53,47.9 1 1
github.com/itential/igsdk/platform.go:48.52,49.13 1 1
github.com/itential/igsdk/platform.go:50.52,51.86 1 1
github.com/itential/igsdk/platform.go:52.44,53.80 1 1
github.com/itential/igsdk/platform.go:55.2,55.12 1 1
github.com/itential/igsdk/examples/platform_client.go:18.13,34.16 4 0
github.com/itential/igsdk/examples/platform_client.go:34.16,36.3 1 0
github.com/itential/igsdk/examples/platform_client.go:40.2,43.16 3 0
github.com/itential/igsdk/examples/platform_client.go:43.16,46.3 1 0
github.com/itential/igsdk/examples/platform_client.go:49.2,49.20 1 0
github.com/itential/igsdk/examples/platform_client.go:49.20,51.3 1 0
github.com/itential/igsdk/examples/platform_client.go:53.2,54.41 2 0
github.com/itential/igsdk/examples/platform_client.go:54.41,56.3 1 0
github.com/itential/igsdk/examples/platform_client.go:58.2,59.16 2 0
github.com/itential/igsdk/examples/platform_client.go:59.16,61.3 1 0
github.com/itential/igsdk/examples/platform_client.go:63.2,63.29 1 0
