mode: set
github.com/itential/igsdk/client.go:53.54,54.16 1 1
github.com/itential/igsdk/client.go:54.16,56.3 1 1
github.com/itential/igsdk/client.go:57.2,68.3 1 1
github.com/itential/igsdk/client.go:71.53,72.16 1 1
github.com/itential/igsdk/client.go:72.16,74.3 1 1
github.com/itential/igsdk/client.go:75.2,86.3 1 1
github.com/itential/igsdk/client.go:90.38,91.31 1 1
github.com/itential/igsdk/client.go:91.31,91.48 1 1
github.com/itential/igsdk/client.go:95.41,96.31 1 1
github.com/itential/igsdk/client.go:96.31,96.53 1 1
github.com/itential/igsdk/client.go:100.44,101.31 1 1
github.com/itential/igsdk/client.go:101.31,101.53 1 1
github.com/itential/igsdk/client.go:105.54,106.31 1 1
github.com/itential/igsdk/client.go:106.31,106.54 1 1
github.com/itential/igsdk/client.go:110.46,111.31 1 1
github.com/itential/igsdk/client.go:111.31,111.46 1 1
github.com/itential/igsdk/client.go:115.56,116.31 1 1
github.com/itential/igsdk/client.go:116.31,119.3 2 1
github.com/itential/igsdk/client.go:123.60,124.31 1 1
github.com/itential/igsdk/client.go:124.31,127.3 2 1
github.com/itential/igsdk/client.go:131.55,132.31 1 1
github.com/itential/igsdk/client.go:132.31,134.3 1 1
github.com/itential/igsdk/client.go:139.51,140.31 1 1
github.com/itential/igsdk/client.go:140.31,142.3 1 1
github.com/itential/igsdk/client.go:146.49,147.31 1 1
github.com/itential/igsdk/client.go:147.31,149.3 1 1
github.com/itential/igsdk/client.go:191.60,192.27 1 1
github.com/itential/igsdk/client.go:192.27,194.3 1 1
github.com/itential/igsdk/client.go:195.2,196.16 2 1
github.com/itential/igsdk/client.go:196.16,198.3 1 0
github.com/itential/igsdk/client.go:199.2,200.17 2 1
github.com/itential/igsdk/client.go:200.17,202.3 1 1
github.com/itential/igsdk/client.go:203.2,207.8 1 1
github.com/itential/igsdk/client.go:210.78,211.15 1 1
github.com/itential/igsdk/client.go:211.15,212.13 1 1
github.com/itential/igsdk/client.go:212.13,214.4 1 1
github.com/itential/igsdk/client.go:214.9,216.4 1 1
github.com/itential/igsdk/client.go:218.2,220.20 3 1
github.com/itential/igsdk/client.go:220.20,222.3 1 1
github.com/itential/igsdk/client.go:223.2,224.12 2 1
github.com/itential/igsdk/client.go:224.12,226.3 1 1
github.com/itential/igsdk/client.go:227.2,228.19 2 1
github.com/itential/igsdk/client.go:231.84,233.16 2 1
github.com/itential/igsdk/client.go:233.16,235.3 1 0
github.com/itential/igsdk/client.go:236.2,242.8 1 1
github.com/itential/igsdk/client.go:245.41,247.2 1 1
github.com/itential/igsdk/client.go:249.54,250.44 1 1
github.com/itential/igsdk/client.go:250.44,252.3 1 1
github.com/itential/igsdk/client.go:253.2,253.42 1 1
github.com/itential/igsdk/client.go:259.70,263.31 3 1
github.com/itential/igsdk/client.go:263.31,266.3 2 1
github.com/itential/igsdk/client.go:268.2,268.21 1 1
github.com/itential/igsdk/client.go:268.21,270.3 1 1
github.com/itential/igsdk/client.go:272.2,273.16 2 1
github.com/itential/igsdk/client.go:274.20,275.36 1 1
github.com/itential/igsdk/client.go:276.19,277.35 1 1
github.com/itential/igsdk/client.go:278.10,279.42 1 1
github.com/itential/igsdk/client.go:282.2,282.16 1 1
github.com/itential/igsdk/client.go:282.16,284.3 1 1
github.com/itential/igsdk/client.go:286.2,288.21 3 1
github.com/itential/igsdk/client.go:291.79,292.79 1 1
github.com/itential/igsdk/client.go:292.79,294.17 2 1
github.com/itential/igsdk/client.go:294.17,296.4 1 0
github.com/itential/igsdk/client.go:297.3,297.22 1 1
github.com/itential/igsdk/client.go:297.22,299.36 2 1
github.com/itential/igsdk/client.go:299.36,300.32 1 1
github.com/itential/igsdk/client.go:300.32,302.6 1 1
github.com/itential/igsdk/client.go:304.4,304.27 1 1
github.com/itential/igsdk/client.go:306.3,306.25 1 1
github.com/itential/igsdk/client.go:309.2,310.16 2 1
github.com/itential/igsdk/client.go:310.16,312.3 1 1
github.com/itential/igsdk/client.go:314.2,315.22 2 1
github.com/itential/igsdk/client.go:315.22,317.3 1 1
github.com/itential/igsdk/client.go:319.2,320.16 2 1
github.com/itential/igsdk/client.go:320.16,322.3 1 0
github.com/itential/igsdk/client.go:324.2,325.21 2 1
github.com/itential/igsdk/client.go:325.21,327.35 2 1
github.com/itential/igsdk/client.go:327.35,328.31 1 1
github.com/itential/igsdk/client.go:328.31,330.5 1 1
github.com/itential/igsdk/client.go:332.3,332.29 1 1
github.com/itential/igsdk/client.go:334.2,334.27 1 1
github.com/itential/igsdk/client.go:338.54,339.17 1 1
github.com/itential/igsdk/client.go:339.17,341.3 1 0
github.com/itential/igsdk/client.go:342.2,343.25 2 1
github.com/itential/igsdk/client.go:343.25,344.26 1 1
github.com/itential/igsdk/client.go:344.26,345.20 1 1
github.com/itential/igsdk/client.go:345.20,347.5 1 1
github.com/itential/igsdk/client.go:348.4,350.38 3 1
github.com/itential/igsdk/client.go:353.2,353.20 1 1
github.com/itential/igsdk/client.go:356.127,357.16 1 1
github.com/itential/igsdk/client.go:357.16,359.3 1 1
github.com/itential/igsdk/client.go:361.2,362.16 2 1
github.com/itential/igsdk/client.go:362.16,364.3 1 1
github.com/itential/igsdk/client.go:366.2,367.16 2 1
github.com/itential/igsdk/client.go:367.16,369.3 1 0
github.com/itential/igsdk/client.go:371.2,372.20 2 1
github.com/itential/igsdk/client.go:372.20,374.17 2 1
github.com/itential/igsdk/client.go:374.17,376.4 1 1
github.com/itential/igsdk/client.go:379.2,380.22 2 1
github.com/itential/igsdk/client.go:380.22,382.3 1 1
github.com/itential/igsdk/client.go:384.2,385.16 2 1
github.com/itential/igsdk/client.go:385.16,387.3 1 0
github.com/itential/igsdk/client.go:389.2,391.22 3 1
github.com/itential/igsdk/client.go:391.22,393.3 1 1
github.com/itential/igsdk/client.go:394.2,394.17 1 1
github.com/itential/igsdk/client.go:394.17,396.3 1 1
github.com/itential/igsdk/client.go:398.2,415.16 8 1
github.com/itential/igsdk/client.go:415.16,425.3 2 0
github.com/itential/igsdk/client.go:426.2,429.16 3 1
github.com/itential/igsdk/client.go:429.16,431.3 1 0
github.com/itential/igsdk/client.go:433.2,434.16 2 1
github.com/itential/igsdk/client.go:434.16,436.3 1 0
github.com/itential/igsdk/client.go:438.2,449.17 2 1
github.com/itential/igsdk/client.go:454.59,455.26 1 1
github.com/itential/igsdk/client.go:455.26,457.3 1 1
github.com/itential/igsdk/client.go:458.2,461.15 4 1
github.com/itential/igsdk/client.go:464.70,465.29 1 1
github.com/itential/igsdk/client.go:465.29,474.17 7 1
github.com/itential/igsdk/client.go:474.17,476.4 1 0
github.com/itential/igsdk/client.go:478.3,482.17 4 1
github.com/itential/igsdk/client.go:482.17,484.4 1 0
github.com/itential/igsdk/client.go:485.3,488.17 3 1
github.com/itential/igsdk/client.go:488.17,490.4 1 0
github.com/itential/igsdk/client.go:492.3,493.17 2 1
github.com/itential/igsdk/client.go:493.17,495.4 1 0
github.com/itential/igsdk/client.go:497.3,497.43 1 1
github.com/itential/igsdk/client.go:497.43,499.4 1 1
github.com/itential/igsdk/client.go:501.3,502.46 2 1
github.com/itential/igsdk/client.go:502.46,503.57 1 1
github.com/itential/igsdk/client.go:503.57,505.5 1 1
github.com/itential/igsdk/client.go:508.3,508.13 1 1
github.com/itential/igsdk/client.go:512.2,514.12 3 1
github.com/itential/igsdk/client.go:517.69,521.2 3 1
github.com/itential/igsdk/client.go:523.101,525.16 2 1
github.com/itential/igsdk/client.go:525.16,527.3 1 1
github.com/itential/igsdk/client.go:529.2,530.16 2 1
github.com/itential/igsdk/client.go:530.16,532.3 1 1
github.com/itential/igsdk/client.go:534.2,535.16 2 1
github.com/itential/igsdk/client.go:535.16,537.3 1 0
github.com/itential/igsdk/client.go:539.2,544.16 5 1
github.com/itential/igsdk/client.go:544.16,546.3 1 1
github.com/itential/igsdk/client.go:547.2,550.16 3 1
github.com/itential/igsdk/client.go:550.16,552.3 1 0
github.com/itential/igsdk/client.go:554.2,555.16 2 1
github.com/itential/igsdk/client.go:555.16,557.3 1 0
github.com/itential/igsdk/client.go:559.2,559.42 1 1
github.com/itential/igsdk/client.go:559.42,561.3 1 1
github.com/itential/igsdk/client.go:563.2,563.17 1 1
github.com/itential/igsdk/client.go:567.44,569.2 1 1
github.com/itential/igsdk/client.go:583.102,585.2 1 1
github.com/itential/igsdk/client.go:595.105,597.2 1 1
github.com/itential/igsdk/client.go:608.116,610.2 1 1
github.com/itential/igsdk/client.go:621.115,623.2 1 1
github.com/itential/igsdk/client.go:634.117,636.2 1 1
github.com/itential/igsdk/client.go:644.43,646.2 1 1
github.com/itential/igsdk/client.go:657.101,659.2 1 1
github.com/itential/igsdk/client.go:668.104,670.2 1 1
github.com/itential/igsdk/client.go:681.115,683.2 1 1
github.com/itential/igsdk/client.go:688.114,690.2 1 1
github.com/itential/igsdk/client.go:695.116,697.2 1 1
github.com/itential/igsdk/client.go:702.42,704.2 1 1
github.com/itential/igsdk/errors.go:43.42,44.14 1 1
github.com/itential/igsdk/errors.go:44.14,46.3 1 1
github.com/itential/igsdk/errors.go:47.2,47.20 1 1
github.com/itential/igsdk/errors.go:47.20,49.3 1 1
github.com/itential/igsdk/errors.go:50.2,50.77 1 1
github.com/itential/igsdk/gateway.go:30.82,32.27 2 1
github.com/itential/igsdk/gateway.go:32.27,34.3 1 1
github.com/itential/igsdk/gateway.go:35.2,35.51 1 1
github.com/itential/igsdk/gateway.go:35.51,37.3 1 1
github.com/itential/igsdk/gateway.go:38.2,39.16 2 1
github.com/itential/igsdk/gateway.go:39.16,41.3 1 0
github.com/itential/igsdk/gateway.go:42.2,42.42 1 1
github.com/itential/igsdk/gateway.go:45.52,46.50 1 1
github.com/itential/igsdk/gateway.go:46.50,48.3 1 1
github.com/itential/igsdk/gateway.go:49.2,49.42 1 1
github.com/itential/igsdk/gateway.go:49.42,51.3 1 1
github.com/itential/igsdk/gateway.go:52.2,52.12 1 1
github.com/itential/igsdk/heuristics.go:49.28,60.38 3 1
github.com/itential/igsdk/heuristics.go:60.38,62.3 1 1
github.com/itential/igsdk/heuristics.go:63.2,63.10 1 1
github.com/itential/igsdk/heuristics.go:67.58,69.16 2 1
github.com/itential/igsdk/heuristics.go:69.16,71.3 1 1
github.com/itential/igsdk/heuristics.go:72.2,75.12 4 1
github.com/itential/igsdk/heuristics.go:79.51,82.36 3 1
github.com/itential/igsdk/heuristics.go:82.36,84.3 1 1
github.com/itential/igsdk/heuristics.go:85.2,86.13 2 1
github.com/itential/igsdk/heuristics.go:90.43,94.28 4 1
github.com/itential/igsdk/heuristics.go:94.28,96.3 1 1
github.com/itential/igsdk/heuristics.go:97.2,98.12 2 1
github.com/itential/igsdk/heuristics.go:102.53,103.16 1 1
github.com/itential/igsdk/heuristics.go:103.16,105.3 1 1
github.com/itential/igsdk/heuristics.go:106.2,109.40 4 1
github.com/itential/igsdk/heuristics.go:109.40,112.3 2 1
github.com/itential/igsdk/heuristics.go:113.2,113.12 1 1
github.com/itential/igsdk/heuristics.go:117.54,118.16 1 1
github.com/itential/igsdk/heuristics.go:118.16,120.3 1 1
github.com/itential/igsdk/heuristics.go:121.2,123.37 3 1
github.com/itential/igsdk/heuristics.go:123.37,124.32 1 1
github.com/itential/igsdk/heuristics.go:124.32,126.4 1 1
github.com/itential/igsdk/heuristics.go:128.2,128.14 1 1
github.com/itential/igsdk/httptypes.go:31.70,32.16 1 1
github.com/itential/igsdk/httptypes.go:32.16,34.3 1 1
github.com/itential/igsdk/httptypes.go:35.2,35.45 1 1
github.com/itential/igsdk/httptypes.go:39.37,40.30 1 1
github.com/itential/igsdk/httptypes.go:40.30,42.3 1 1
github.com/itential/igsdk/httptypes.go:43.2,43.25 1 1
github.com/itential/igsdk/httptypes.go:47.42,48.30 1 1
github.com/itential/igsdk/httptypes.go:48.30,50.3 1 1
github.com/itential/igsdk/httptypes.go:51.2,51.21 1 1
github.com/itential/igsdk/httptypes.go:55.34,56.14 1 1
github.com/itential/igsdk/httptypes.go:56.14,58.3 1 1
github.com/itential/igsdk/httptypes.go:59.2,59.23 1 1
github.com/itential/igsdk/httptypes.go:84.38,85.34 1 1
github.com/itential/igsdk/httptypes.go:85.34,87.3 1 1
github.com/itential/igsdk/httptypes.go:88.2,88.50 1 1
github.com/itential/igsdk/httptypes.go:88.50,90.3 1 1
github.com/itential/igsdk/httptypes.go:91.2,91.12 1 1
github.com/itential/igsdk/httptypes.go:95.37,98.2 2 1
github.com/itential/igsdk/httptypes.go:101.35,103.2 1 1
github.com/itential/igsdk/httptypes.go:112.40,113.18 1 1
github.com/itential/igsdk/httptypes.go:113.18,115.3 1 1
github.com/itential/igsdk/httptypes.go:116.2,117.18 2 1
github.com/itential/igsdk/httptypes.go:117.18,119.3 1 1
github.com/itential/igsdk/httptypes.go:120.2,120.82 1 1
github.com/itential/igsdk/httptypes.go:124.36,125.82 1 1
github.com/itential/igsdk/httptypes.go:125.82,127.3 1 1
github.com/itential/igsdk/httptypes.go:128.2,128.102 1 1
github.com/itential/igsdk/logging.go:33.50,34.31 1 1
github.com/itential/igsdk/logging.go:34.31,36.3 1 1
github.com/itential/igsdk/logging.go:40.46,41.31 1 1
github.com/itential/igsdk/logging.go:41.31,43.3 1 1
github.com/itential/igsdk/logging.go:47.64,48.31 1 1
github.com/itential/igsdk/logging.go:48.31,51.3 2 1
github.com/itential/igsdk/logging.go:55.47,56.31 1 1
github.com/itential/igsdk/logging.go:56.31,58.3 1 1
github.com/itential/igsdk/logging.go:62.84,63.31 1 1
github.com/itential/igsdk/logging.go:63.31,65.3 1 1
github.com/itential/igsdk/logging.go:71.51,76.27 2 1
github.com/itential/igsdk/logging.go:76.27,78.3 1 1
github.com/itential/igsdk/logging.go:80.2,86.63 2 1
github.com/itential/igsdk/logging.go:91.55,96.27 2 1
github.com/itential/igsdk/logging.go:96.27,98.3 1 1
github.com/itential/igsdk/logging.go:100.2,106.63 2 1
github.com/itential/igsdk/logging.go:111.87,112.54 1 1
github.com/itential/igsdk/logging.go:112.54,113.85 1 1
github.com/itential/igsdk/logging.go:113.85,115.46 2 1
github.com/itential/igsdk/logging.go:115.46,117.5 1 1
github.com/itential/igsdk/logging.go:119.3,119.29 1 1
github.com/itential/igsdk/logging.go:119.29,121.4 1 1
github.com/itential/igsdk/logging.go:122.3,122.11 1 1
github.com/itential/igsdk/logging.go:128.38,130.2 1 1
github.com/itential/igsdk/logging.go:144.70,145.25 1 1
github.com/itential/igsdk/logging.go:145.25,147.3 1 1
github.com/itential/igsdk/logging.go:148.2,152.50 5 1
github.com/itential/igsdk/logging.go:156.53,159.2 2 1
github.com/itential/igsdk/metadata.go:50.21,57.2 1 1
github.com/itential/igsdk/metadata.go:62.32,64.2 1 1
github.com/itential/igsdk/metadata.go:68.37,69.21 1 1
github.com/itential/igsdk/metadata.go:69.21,71.3 1 1
github.com/itential/igsdk/metadata.go:72.2,72.18 1 1
github.com/itential/igsdk/metadata.go:78.36,79.19 1 1
github.com/itential/igsdk/metadata.go:79.19,81.3 1 1
github.com/itential/igsdk/metadata.go:82.2,82.55 1 1
github.com/itential/igsdk/metadata.go:87.31,89.2 1 1
github.com/itential/igsdk/platform.go:31.84,33.27 2 1
github.com/itential/igsdk/platform.go:33.27,35.3 1 1
github.com/itential/igsdk/platform.go:36.2,36.52 1 1
github.com/itential/igsdk/platform.go:36.52,38.3 1 1
github.com/itential/igsdk/platform.go:39.2,40.16 2 1
github.com/itential/igsdk/platform.go:40.16,42.3 1 0
github.com/itential/igsdk/platform.go:43.2,43.43 1 1
github.com/itential/igsdk/platform.go:46.53,47.9 1 1
github.com/itential/igsdk/platform.go:48.52,49.13 1 1
github.com/itential/igsdk/platform.go:50.52,51.86 1 1
github.com/itential/igsdk/platform.go:52.44,53.80 1 1
github.com/itential/igsdk/platform.go:55.2,55.12 1 1
github.com/itential/igsdk/examples/platform_client.go:16.13,20.16 2 0
github.com/itential/igsdk/examples/platform_client.go:20.16,22.3 1 0
github.com/itential/igsdk/examples/platform_client.go:24.2,25.16 2 0
github.com/itential/igsdk/examples/platform_client.go:25.16,27.3 1 0
github.com/itential/igsdk/examples/platform_client.go:29.2,30.41 2 0
github.com/itential/igsdk/examples/platform_client.go:30.41,32.3 1 0
github.com/itential/igsdk/examples/platform_client.go:34.2,35.16 2 0
github.com/itential/igsdk/examples/platform_client.go:35.16,37.3 1 0
github.com/itential/igsdk/examples/platform_client.go:39.2,39.29 1 0
